Determining if the pthread_create exist failed with the following output:
Change Dir: /home/radek/Documents/Qt5/3DPointCloudClassification_GUI/build/CMakeFiles/CMakeTmp

Run Build Command:"/usr/bin/make" "cmTC_64915/fast"
/usr/bin/make -f CMakeFiles/cmTC_64915.dir/build.make CMakeFiles/cmTC_64915.dir/build
make[1]: Entering directory '/home/radek/Documents/Qt5/3DPointCloudClassification_GUI/build/CMakeFiles/CMakeTmp'
Building C object CMakeFiles/cmTC_64915.dir/CheckSymbolExists.c.o
/usr/bin/cc    -o CMakeFiles/cmTC_64915.dir/CheckSymbolExists.c.o   -c /home/radek/Documents/Qt5/3DPointCloudClassification_GUI/build/CMakeFiles/CMakeTmp/CheckSymbolExists.c
Linking C executable cmTC_64915
/usr/bin/cmake -E cmake_link_script CMakeFiles/cmTC_64915.dir/link.txt --verbose=1
/usr/bin/cc      -rdynamic CMakeFiles/cmTC_64915.dir/CheckSymbolExists.c.o  -o cmTC_64915 
CMakeFiles/cmTC_64915.dir/CheckSymbolExists.c.o: In function `main':
CheckSymbolExists.c:(.text+0x1b): undefined reference to `pthread_create'
collect2: error: ld returned 1 exit status
CMakeFiles/cmTC_64915.dir/build.make:97: recipe for target 'cmTC_64915' failed
make[1]: *** [cmTC_64915] Error 1
make[1]: Leaving directory '/home/radek/Documents/Qt5/3DPointCloudClassification_GUI/build/CMakeFiles/CMakeTmp'
Makefile:126: recipe for target 'cmTC_64915/fast' failed
make: *** [cmTC_64915/fast] Error 2

File /home/radek/Documents/Qt5/3DPointCloudClassification_GUI/build/CMakeFiles/CMakeTmp/CheckSymbolExists.c:
/* */
#include <pthread.h>

int main(int argc, char** argv)
{
  (void)argv;
#ifndef pthread_create
  return ((int*)(&pthread_create))[argc];
#else
  (void)argc;
  return 0;
#endif
}

Determining if the function pthread_create exists in the pthreads failed with the following output:
Change Dir: /home/radek/Documents/Qt5/3DPointCloudClassification_GUI/build/CMakeFiles/CMakeTmp

Run Build Command:"/usr/bin/make" "cmTC_fe25a/fast"
/usr/bin/make -f CMakeFiles/cmTC_fe25a.dir/build.make CMakeFiles/cmTC_fe25a.dir/build
make[1]: Entering directory '/home/radek/Documents/Qt5/3DPointCloudClassification_GUI/build/CMakeFiles/CMakeTmp'
Building C object CMakeFiles/cmTC_fe25a.dir/CheckFunctionExists.c.o
/usr/bin/cc   -DCHECK_FUNCTION_EXISTS=pthread_create   -o CMakeFiles/cmTC_fe25a.dir/CheckFunctionExists.c.o   -c /usr/share/cmake-3.10/Modules/CheckFunctionExists.c
Linking C executable cmTC_fe25a
/usr/bin/cmake -E cmake_link_script CMakeFiles/cmTC_fe25a.dir/link.txt --verbose=1
/usr/bin/cc  -DCHECK_FUNCTION_EXISTS=pthread_create    -rdynamic CMakeFiles/cmTC_fe25a.dir/CheckFunctionExists.c.o  -o cmTC_fe25a -lpthreads 
/usr/bin/ld: cannot find -lpthreads
collect2: error: ld returned 1 exit status
CMakeFiles/cmTC_fe25a.dir/build.make:97: recipe for target 'cmTC_fe25a' failed
make[1]: *** [cmTC_fe25a] Error 1
make[1]: Leaving directory '/home/radek/Documents/Qt5/3DPointCloudClassification_GUI/build/CMakeFiles/CMakeTmp'
Makefile:126: recipe for target 'cmTC_fe25a/fast' failed
make: *** [cmTC_fe25a/fast] Error 2


Determining if the pthread_create exist failed with the following output:
Change Dir: /home/radek/Documents/Qt5/3DPointCloudClassification_GUI/build/CMakeFiles/CMakeTmp

Run Build Command:"/usr/bin/make" "cmTC_370d6/fast"
make[1]: Entering directory '/home/radek/Documents/Qt5/3DPointCloudClassification_GUI/build/CMakeFiles/CMakeTmp'
/usr/bin/make -f CMakeFiles/cmTC_370d6.dir/build.make CMakeFiles/cmTC_370d6.dir/build
make[2]: Entering directory '/home/radek/Documents/Qt5/3DPointCloudClassification_GUI/build/CMakeFiles/CMakeTmp'
Building C object CMakeFiles/cmTC_370d6.dir/CheckSymbolExists.c.o
/usr/bin/cc    -o CMakeFiles/cmTC_370d6.dir/CheckSymbolExists.c.o   -c /home/radek/Documents/Qt5/3DPointCloudClassification_GUI/build/CMakeFiles/CMakeTmp/CheckSymbolExists.c
Linking C executable cmTC_370d6
/usr/bin/cmake -E cmake_link_script CMakeFiles/cmTC_370d6.dir/link.txt --verbose=1
/usr/bin/cc       -rdynamic CMakeFiles/cmTC_370d6.dir/CheckSymbolExists.c.o  -o cmTC_370d6 
CMakeFiles/cmTC_370d6.dir/CheckSymbolExists.c.o: In function `main':
CheckSymbolExists.c:(.text+0x1b): undefined reference to `pthread_create'
collect2: error: ld returned 1 exit status
CMakeFiles/cmTC_370d6.dir/build.make:97: recipe for target 'cmTC_370d6' failed
make[2]: *** [cmTC_370d6] Error 1
make[2]: Leaving directory '/home/radek/Documents/Qt5/3DPointCloudClassification_GUI/build/CMakeFiles/CMakeTmp'
Makefile:126: recipe for target 'cmTC_370d6/fast' failed
make[1]: *** [cmTC_370d6/fast] Error 2
make[1]: Leaving directory '/home/radek/Documents/Qt5/3DPointCloudClassification_GUI/build/CMakeFiles/CMakeTmp'

File /home/radek/Documents/Qt5/3DPointCloudClassification_GUI/build/CMakeFiles/CMakeTmp/CheckSymbolExists.c:
/* */
#include <pthread.h>

int main(int argc, char** argv)
{
  (void)argv;
#ifndef pthread_create
  return ((int*)(&pthread_create))[argc];
#else
  (void)argc;
  return 0;
#endif
}

Determining if the function pthread_create exists in the pthreads failed with the following output:
Change Dir: /home/radek/Documents/Qt5/3DPointCloudClassification_GUI/build/CMakeFiles/CMakeTmp

Run Build Command:"/usr/bin/make" "cmTC_2378e/fast"
make[1]: Entering directory '/home/radek/Documents/Qt5/3DPointCloudClassification_GUI/build/CMakeFiles/CMakeTmp'
/usr/bin/make -f CMakeFiles/cmTC_2378e.dir/build.make CMakeFiles/cmTC_2378e.dir/build
make[2]: Entering directory '/home/radek/Documents/Qt5/3DPointCloudClassification_GUI/build/CMakeFiles/CMakeTmp'
Building C object CMakeFiles/cmTC_2378e.dir/CheckFunctionExists.c.o
/usr/bin/cc   -DCHECK_FUNCTION_EXISTS=pthread_create   -o CMakeFiles/cmTC_2378e.dir/CheckFunctionExists.c.o   -c /usr/share/cmake-3.10/Modules/CheckFunctionExists.c
Linking C executable cmTC_2378e
/usr/bin/cmake -E cmake_link_script CMakeFiles/cmTC_2378e.dir/link.txt --verbose=1
/usr/bin/cc   -DCHECK_FUNCTION_EXISTS=pthread_create    -rdynamic CMakeFiles/cmTC_2378e.dir/CheckFunctionExists.c.o  -o cmTC_2378e -lpthreads 
/usr/bin/ld: cannot find -lpthreads
collect2: error: ld returned 1 exit status
CMakeFiles/cmTC_2378e.dir/build.make:97: recipe for target 'cmTC_2378e' failed
make[2]: *** [cmTC_2378e] Error 1
make[2]: Leaving directory '/home/radek/Documents/Qt5/3DPointCloudClassification_GUI/build/CMakeFiles/CMakeTmp'
Makefile:126: recipe for target 'cmTC_2378e/fast' failed
make[1]: *** [cmTC_2378e/fast] Error 2
make[1]: Leaving directory '/home/radek/Documents/Qt5/3DPointCloudClassification_GUI/build/CMakeFiles/CMakeTmp'


Determining if the pthread_create exist failed with the following output:
Change Dir: /home/radek/Documents/Qt5/3DPointCloudClassification_GUI/build/CMakeFiles/CMakeTmp

Run Build Command:"/usr/bin/make" "cmTC_1edcd/fast"
/usr/bin/make -f CMakeFiles/cmTC_1edcd.dir/build.make CMakeFiles/cmTC_1edcd.dir/build
make[1]: Entering directory '/home/radek/Documents/Qt5/3DPointCloudClassification_GUI/build/CMakeFiles/CMakeTmp'
Building C object CMakeFiles/cmTC_1edcd.dir/CheckSymbolExists.c.o
/usr/bin/cc    -o CMakeFiles/cmTC_1edcd.dir/CheckSymbolExists.c.o   -c /home/radek/Documents/Qt5/3DPointCloudClassification_GUI/build/CMakeFiles/CMakeTmp/CheckSymbolExists.c
Linking C executable cmTC_1edcd
/usr/bin/cmake -E cmake_link_script CMakeFiles/cmTC_1edcd.dir/link.txt --verbose=1
/usr/bin/cc       -rdynamic CMakeFiles/cmTC_1edcd.dir/CheckSymbolExists.c.o  -o cmTC_1edcd 
CMakeFiles/cmTC_1edcd.dir/CheckSymbolExists.c.o: In function `main':
CheckSymbolExists.c:(.text+0x1b): undefined reference to `pthread_create'
collect2: error: ld returned 1 exit status
CMakeFiles/cmTC_1edcd.dir/build.make:97: recipe for target 'cmTC_1edcd' failed
make[1]: *** [cmTC_1edcd] Error 1
make[1]: Leaving directory '/home/radek/Documents/Qt5/3DPointCloudClassification_GUI/build/CMakeFiles/CMakeTmp'
Makefile:126: recipe for target 'cmTC_1edcd/fast' failed
make: *** [cmTC_1edcd/fast] Error 2

File /home/radek/Documents/Qt5/3DPointCloudClassification_GUI/build/CMakeFiles/CMakeTmp/CheckSymbolExists.c:
/* */
#include <pthread.h>

int main(int argc, char** argv)
{
  (void)argv;
#ifndef pthread_create
  return ((int*)(&pthread_create))[argc];
#else
  (void)argc;
  return 0;
#endif
}

Determining if the function pthread_create exists in the pthreads failed with the following output:
Change Dir: /home/radek/Documents/Qt5/3DPointCloudClassification_GUI/build/CMakeFiles/CMakeTmp

Run Build Command:"/usr/bin/make" "cmTC_768be/fast"
/usr/bin/make -f CMakeFiles/cmTC_768be.dir/build.make CMakeFiles/cmTC_768be.dir/build
make[1]: Entering directory '/home/radek/Documents/Qt5/3DPointCloudClassification_GUI/build/CMakeFiles/CMakeTmp'
Building C object CMakeFiles/cmTC_768be.dir/CheckFunctionExists.c.o
/usr/bin/cc   -DCHECK_FUNCTION_EXISTS=pthread_create   -o CMakeFiles/cmTC_768be.dir/CheckFunctionExists.c.o   -c /usr/share/cmake-3.10/Modules/CheckFunctionExists.c
Linking C executable cmTC_768be
/usr/bin/cmake -E cmake_link_script CMakeFiles/cmTC_768be.dir/link.txt --verbose=1
/usr/bin/cc   -DCHECK_FUNCTION_EXISTS=pthread_create    -rdynamic CMakeFiles/cmTC_768be.dir/CheckFunctionExists.c.o  -o cmTC_768be -lpthreads 
/usr/bin/ld: cannot find -lpthreads
collect2: error: ld returned 1 exit status
CMakeFiles/cmTC_768be.dir/build.make:97: recipe for target 'cmTC_768be' failed
make[1]: *** [cmTC_768be] Error 1
make[1]: Leaving directory '/home/radek/Documents/Qt5/3DPointCloudClassification_GUI/build/CMakeFiles/CMakeTmp'
Makefile:126: recipe for target 'cmTC_768be/fast' failed
make: *** [cmTC_768be/fast] Error 2


Determining if the pthread_create exist failed with the following output:
Change Dir: /home/radek/Documents/Qt5/3DPointCloudClassification_GUI/build/CMakeFiles/CMakeTmp

Run Build Command:"/usr/bin/make" "cmTC_540db/fast"
/usr/bin/make -f CMakeFiles/cmTC_540db.dir/build.make CMakeFiles/cmTC_540db.dir/build
make[1]: Entering directory '/home/radek/Documents/Qt5/3DPointCloudClassification_GUI/build/CMakeFiles/CMakeTmp'
Building C object CMakeFiles/cmTC_540db.dir/CheckSymbolExists.c.o
/usr/bin/cc    -o CMakeFiles/cmTC_540db.dir/CheckSymbolExists.c.o   -c /home/radek/Documents/Qt5/3DPointCloudClassification_GUI/build/CMakeFiles/CMakeTmp/CheckSymbolExists.c
Linking C executable cmTC_540db
/usr/bin/cmake -E cmake_link_script CMakeFiles/cmTC_540db.dir/link.txt --verbose=1
/usr/bin/cc       -rdynamic CMakeFiles/cmTC_540db.dir/CheckSymbolExists.c.o  -o cmTC_540db 
CMakeFiles/cmTC_540db.dir/CheckSymbolExists.c.o: In function `main':
CheckSymbolExists.c:(.text+0x1b): undefined reference to `pthread_create'
collect2: error: ld returned 1 exit status
CMakeFiles/cmTC_540db.dir/build.make:97: recipe for target 'cmTC_540db' failed
make[1]: *** [cmTC_540db] Error 1
make[1]: Leaving directory '/home/radek/Documents/Qt5/3DPointCloudClassification_GUI/build/CMakeFiles/CMakeTmp'
Makefile:126: recipe for target 'cmTC_540db/fast' failed
make: *** [cmTC_540db/fast] Error 2

File /home/radek/Documents/Qt5/3DPointCloudClassification_GUI/build/CMakeFiles/CMakeTmp/CheckSymbolExists.c:
/* */
#include <pthread.h>

int main(int argc, char** argv)
{
  (void)argv;
#ifndef pthread_create
  return ((int*)(&pthread_create))[argc];
#else
  (void)argc;
  return 0;
#endif
}

Determining if the function pthread_create exists in the pthreads failed with the following output:
Change Dir: /home/radek/Documents/Qt5/3DPointCloudClassification_GUI/build/CMakeFiles/CMakeTmp

Run Build Command:"/usr/bin/make" "cmTC_56c2e/fast"
/usr/bin/make -f CMakeFiles/cmTC_56c2e.dir/build.make CMakeFiles/cmTC_56c2e.dir/build
make[1]: Entering directory '/home/radek/Documents/Qt5/3DPointCloudClassification_GUI/build/CMakeFiles/CMakeTmp'
Building C object CMakeFiles/cmTC_56c2e.dir/CheckFunctionExists.c.o
/usr/bin/cc   -DCHECK_FUNCTION_EXISTS=pthread_create   -o CMakeFiles/cmTC_56c2e.dir/CheckFunctionExists.c.o   -c /usr/share/cmake-3.10/Modules/CheckFunctionExists.c
Linking C executable cmTC_56c2e
/usr/bin/cmake -E cmake_link_script CMakeFiles/cmTC_56c2e.dir/link.txt --verbose=1
/usr/bin/cc   -DCHECK_FUNCTION_EXISTS=pthread_create    -rdynamic CMakeFiles/cmTC_56c2e.dir/CheckFunctionExists.c.o  -o cmTC_56c2e -lpthreads 
/usr/bin/ld: cannot find -lpthreads
collect2: error: ld returned 1 exit status
CMakeFiles/cmTC_56c2e.dir/build.make:97: recipe for target 'cmTC_56c2e' failed
make[1]: *** [cmTC_56c2e] Error 1
make[1]: Leaving directory '/home/radek/Documents/Qt5/3DPointCloudClassification_GUI/build/CMakeFiles/CMakeTmp'
Makefile:126: recipe for target 'cmTC_56c2e/fast' failed
make: *** [cmTC_56c2e/fast] Error 2


Determining if the pthread_create exist failed with the following output:
Change Dir: /home/radek/Documents/Qt5/3DPointCloudClassification_GUI/build/CMakeFiles/CMakeTmp

Run Build Command:"/usr/bin/make" "cmTC_d70b6/fast"
/usr/bin/make -f CMakeFiles/cmTC_d70b6.dir/build.make CMakeFiles/cmTC_d70b6.dir/build
make[1]: Entering directory '/home/radek/Documents/Qt5/3DPointCloudClassification_GUI/build/CMakeFiles/CMakeTmp'
Building C object CMakeFiles/cmTC_d70b6.dir/CheckSymbolExists.c.o
/usr/bin/cc    -o CMakeFiles/cmTC_d70b6.dir/CheckSymbolExists.c.o   -c /home/radek/Documents/Qt5/3DPointCloudClassification_GUI/build/CMakeFiles/CMakeTmp/CheckSymbolExists.c
Linking C executable cmTC_d70b6
/usr/bin/cmake -E cmake_link_script CMakeFiles/cmTC_d70b6.dir/link.txt --verbose=1
/usr/bin/cc       -rdynamic CMakeFiles/cmTC_d70b6.dir/CheckSymbolExists.c.o  -o cmTC_d70b6 
CMakeFiles/cmTC_d70b6.dir/CheckSymbolExists.c.o: In function `main':
CheckSymbolExists.c:(.text+0x1b): undefined reference to `pthread_create'
collect2: error: ld returned 1 exit status
CMakeFiles/cmTC_d70b6.dir/build.make:97: recipe for target 'cmTC_d70b6' failed
make[1]: *** [cmTC_d70b6] Error 1
make[1]: Leaving directory '/home/radek/Documents/Qt5/3DPointCloudClassification_GUI/build/CMakeFiles/CMakeTmp'
Makefile:126: recipe for target 'cmTC_d70b6/fast' failed
make: *** [cmTC_d70b6/fast] Error 2

File /home/radek/Documents/Qt5/3DPointCloudClassification_GUI/build/CMakeFiles/CMakeTmp/CheckSymbolExists.c:
/* */
#include <pthread.h>

int main(int argc, char** argv)
{
  (void)argv;
#ifndef pthread_create
  return ((int*)(&pthread_create))[argc];
#else
  (void)argc;
  return 0;
#endif
}

Determining if the function pthread_create exists in the pthreads failed with the following output:
Change Dir: /home/radek/Documents/Qt5/3DPointCloudClassification_GUI/build/CMakeFiles/CMakeTmp

Run Build Command:"/usr/bin/make" "cmTC_b1d76/fast"
/usr/bin/make -f CMakeFiles/cmTC_b1d76.dir/build.make CMakeFiles/cmTC_b1d76.dir/build
make[1]: Entering directory '/home/radek/Documents/Qt5/3DPointCloudClassification_GUI/build/CMakeFiles/CMakeTmp'
Building C object CMakeFiles/cmTC_b1d76.dir/CheckFunctionExists.c.o
/usr/bin/cc   -DCHECK_FUNCTION_EXISTS=pthread_create   -o CMakeFiles/cmTC_b1d76.dir/CheckFunctionExists.c.o   -c /usr/share/cmake-3.10/Modules/CheckFunctionExists.c
Linking C executable cmTC_b1d76
/usr/bin/cmake -E cmake_link_script CMakeFiles/cmTC_b1d76.dir/link.txt --verbose=1
/usr/bin/cc   -DCHECK_FUNCTION_EXISTS=pthread_create    -rdynamic CMakeFiles/cmTC_b1d76.dir/CheckFunctionExists.c.o  -o cmTC_b1d76 -lpthreads 
/usr/bin/ld: cannot find -lpthreads
collect2: error: ld returned 1 exit status
CMakeFiles/cmTC_b1d76.dir/build.make:97: recipe for target 'cmTC_b1d76' failed
make[1]: *** [cmTC_b1d76] Error 1
make[1]: Leaving directory '/home/radek/Documents/Qt5/3DPointCloudClassification_GUI/build/CMakeFiles/CMakeTmp'
Makefile:126: recipe for target 'cmTC_b1d76/fast' failed
make: *** [cmTC_b1d76/fast] Error 2


Determining if the pthread_create exist failed with the following output:
Change Dir: /home/radek/Documents/Qt5/3DPointCloudClassification_GUI/build/CMakeFiles/CMakeTmp

Run Build Command:"/usr/bin/make" "cmTC_2bc69/fast"
/usr/bin/make -f CMakeFiles/cmTC_2bc69.dir/build.make CMakeFiles/cmTC_2bc69.dir/build
make[1]: Entering directory '/home/radek/Documents/Qt5/3DPointCloudClassification_GUI/build/CMakeFiles/CMakeTmp'
Building C object CMakeFiles/cmTC_2bc69.dir/CheckSymbolExists.c.o
/usr/bin/cc    -o CMakeFiles/cmTC_2bc69.dir/CheckSymbolExists.c.o   -c /home/radek/Documents/Qt5/3DPointCloudClassification_GUI/build/CMakeFiles/CMakeTmp/CheckSymbolExists.c
Linking C executable cmTC_2bc69
/usr/bin/cmake -E cmake_link_script CMakeFiles/cmTC_2bc69.dir/link.txt --verbose=1
/usr/bin/cc       -rdynamic CMakeFiles/cmTC_2bc69.dir/CheckSymbolExists.c.o  -o cmTC_2bc69 
CMakeFiles/cmTC_2bc69.dir/CheckSymbolExists.c.o: In function `main':
CheckSymbolExists.c:(.text+0x1b): undefined reference to `pthread_create'
collect2: error: ld returned 1 exit status
CMakeFiles/cmTC_2bc69.dir/build.make:97: recipe for target 'cmTC_2bc69' failed
make[1]: *** [cmTC_2bc69] Error 1
make[1]: Leaving directory '/home/radek/Documents/Qt5/3DPointCloudClassification_GUI/build/CMakeFiles/CMakeTmp'
Makefile:126: recipe for target 'cmTC_2bc69/fast' failed
make: *** [cmTC_2bc69/fast] Error 2

File /home/radek/Documents/Qt5/3DPointCloudClassification_GUI/build/CMakeFiles/CMakeTmp/CheckSymbolExists.c:
/* */
#include <pthread.h>

int main(int argc, char** argv)
{
  (void)argv;
#ifndef pthread_create
  return ((int*)(&pthread_create))[argc];
#else
  (void)argc;
  return 0;
#endif
}

Determining if the function pthread_create exists in the pthreads failed with the following output:
Change Dir: /home/radek/Documents/Qt5/3DPointCloudClassification_GUI/build/CMakeFiles/CMakeTmp

Run Build Command:"/usr/bin/make" "cmTC_9f587/fast"
/usr/bin/make -f CMakeFiles/cmTC_9f587.dir/build.make CMakeFiles/cmTC_9f587.dir/build
make[1]: Entering directory '/home/radek/Documents/Qt5/3DPointCloudClassification_GUI/build/CMakeFiles/CMakeTmp'
Building C object CMakeFiles/cmTC_9f587.dir/CheckFunctionExists.c.o
/usr/bin/cc   -DCHECK_FUNCTION_EXISTS=pthread_create   -o CMakeFiles/cmTC_9f587.dir/CheckFunctionExists.c.o   -c /usr/share/cmake-3.10/Modules/CheckFunctionExists.c
Linking C executable cmTC_9f587
/usr/bin/cmake -E cmake_link_script CMakeFiles/cmTC_9f587.dir/link.txt --verbose=1
/usr/bin/cc   -DCHECK_FUNCTION_EXISTS=pthread_create    -rdynamic CMakeFiles/cmTC_9f587.dir/CheckFunctionExists.c.o  -o cmTC_9f587 -lpthreads 
/usr/bin/ld: cannot find -lpthreads
collect2: error: ld returned 1 exit status
CMakeFiles/cmTC_9f587.dir/build.make:97: recipe for target 'cmTC_9f587' failed
make[1]: *** [cmTC_9f587] Error 1
make[1]: Leaving directory '/home/radek/Documents/Qt5/3DPointCloudClassification_GUI/build/CMakeFiles/CMakeTmp'
Makefile:126: recipe for target 'cmTC_9f587/fast' failed
make: *** [cmTC_9f587/fast] Error 2


Determining if the pthread_create exist failed with the following output:
Change Dir: /home/radek/Documents/Qt5/3DPointCloudClassification_GUI/build/CMakeFiles/CMakeTmp

Run Build Command:"/usr/bin/make" "cmTC_cab03/fast"
/usr/bin/make -f CMakeFiles/cmTC_cab03.dir/build.make CMakeFiles/cmTC_cab03.dir/build
make[1]: Entering directory '/home/radek/Documents/Qt5/3DPointCloudClassification_GUI/build/CMakeFiles/CMakeTmp'
Building C object CMakeFiles/cmTC_cab03.dir/CheckSymbolExists.c.o
/usr/bin/cc    -o CMakeFiles/cmTC_cab03.dir/CheckSymbolExists.c.o   -c /home/radek/Documents/Qt5/3DPointCloudClassification_GUI/build/CMakeFiles/CMakeTmp/CheckSymbolExists.c
Linking C executable cmTC_cab03
/usr/bin/cmake -E cmake_link_script CMakeFiles/cmTC_cab03.dir/link.txt --verbose=1
/usr/bin/cc       -rdynamic CMakeFiles/cmTC_cab03.dir/CheckSymbolExists.c.o  -o cmTC_cab03 
CMakeFiles/cmTC_cab03.dir/CheckSymbolExists.c.o: In function `main':
CheckSymbolExists.c:(.text+0x1b): undefined reference to `pthread_create'
collect2: error: ld returned 1 exit status
CMakeFiles/cmTC_cab03.dir/build.make:97: recipe for target 'cmTC_cab03' failed
make[1]: *** [cmTC_cab03] Error 1
make[1]: Leaving directory '/home/radek/Documents/Qt5/3DPointCloudClassification_GUI/build/CMakeFiles/CMakeTmp'
Makefile:126: recipe for target 'cmTC_cab03/fast' failed
make: *** [cmTC_cab03/fast] Error 2

File /home/radek/Documents/Qt5/3DPointCloudClassification_GUI/build/CMakeFiles/CMakeTmp/CheckSymbolExists.c:
/* */
#include <pthread.h>

int main(int argc, char** argv)
{
  (void)argv;
#ifndef pthread_create
  return ((int*)(&pthread_create))[argc];
#else
  (void)argc;
  return 0;
#endif
}

Determining if the function pthread_create exists in the pthreads failed with the following output:
Change Dir: /home/radek/Documents/Qt5/3DPointCloudClassification_GUI/build/CMakeFiles/CMakeTmp

Run Build Command:"/usr/bin/make" "cmTC_ece5a/fast"
/usr/bin/make -f CMakeFiles/cmTC_ece5a.dir/build.make CMakeFiles/cmTC_ece5a.dir/build
make[1]: Entering directory '/home/radek/Documents/Qt5/3DPointCloudClassification_GUI/build/CMakeFiles/CMakeTmp'
Building C object CMakeFiles/cmTC_ece5a.dir/CheckFunctionExists.c.o
/usr/bin/cc   -DCHECK_FUNCTION_EXISTS=pthread_create   -o CMakeFiles/cmTC_ece5a.dir/CheckFunctionExists.c.o   -c /usr/share/cmake-3.10/Modules/CheckFunctionExists.c
Linking C executable cmTC_ece5a
/usr/bin/cmake -E cmake_link_script CMakeFiles/cmTC_ece5a.dir/link.txt --verbose=1
/usr/bin/cc   -DCHECK_FUNCTION_EXISTS=pthread_create    -rdynamic CMakeFiles/cmTC_ece5a.dir/CheckFunctionExists.c.o  -o cmTC_ece5a -lpthreads 
/usr/bin/ld: cannot find -lpthreads
collect2: error: ld returned 1 exit status
CMakeFiles/cmTC_ece5a.dir/build.make:97: recipe for target 'cmTC_ece5a' failed
make[1]: *** [cmTC_ece5a] Error 1
make[1]: Leaving directory '/home/radek/Documents/Qt5/3DPointCloudClassification_GUI/build/CMakeFiles/CMakeTmp'
Makefile:126: recipe for target 'cmTC_ece5a/fast' failed
make: *** [cmTC_ece5a/fast] Error 2


Determining if the pthread_create exist failed with the following output:
Change Dir: /home/radek/Documents/Qt5/3DPointCloudClassification_GUI/build/CMakeFiles/CMakeTmp

Run Build Command:"/usr/bin/make" "cmTC_8eb51/fast"
make[1]: Entering directory '/home/radek/Documents/Qt5/3DPointCloudClassification_GUI/build/CMakeFiles/CMakeTmp'
/usr/bin/make -f CMakeFiles/cmTC_8eb51.dir/build.make CMakeFiles/cmTC_8eb51.dir/build
make[2]: Entering directory '/home/radek/Documents/Qt5/3DPointCloudClassification_GUI/build/CMakeFiles/CMakeTmp'
Building C object CMakeFiles/cmTC_8eb51.dir/CheckSymbolExists.c.o
/usr/bin/cc    -o CMakeFiles/cmTC_8eb51.dir/CheckSymbolExists.c.o   -c /home/radek/Documents/Qt5/3DPointCloudClassification_GUI/build/CMakeFiles/CMakeTmp/CheckSymbolExists.c
Linking C executable cmTC_8eb51
/usr/bin/cmake -E cmake_link_script CMakeFiles/cmTC_8eb51.dir/link.txt --verbose=1
/usr/bin/cc       -rdynamic CMakeFiles/cmTC_8eb51.dir/CheckSymbolExists.c.o  -o cmTC_8eb51 
CMakeFiles/cmTC_8eb51.dir/CheckSymbolExists.c.o: In function `main':
CheckSymbolExists.c:(.text+0x1b): undefined reference to `pthread_create'
collect2: error: ld returned 1 exit status
CMakeFiles/cmTC_8eb51.dir/build.make:97: recipe for target 'cmTC_8eb51' failed
make[2]: *** [cmTC_8eb51] Error 1
make[2]: Leaving directory '/home/radek/Documents/Qt5/3DPointCloudClassification_GUI/build/CMakeFiles/CMakeTmp'
Makefile:126: recipe for target 'cmTC_8eb51/fast' failed
make[1]: *** [cmTC_8eb51/fast] Error 2
make[1]: Leaving directory '/home/radek/Documents/Qt5/3DPointCloudClassification_GUI/build/CMakeFiles/CMakeTmp'

File /home/radek/Documents/Qt5/3DPointCloudClassification_GUI/build/CMakeFiles/CMakeTmp/CheckSymbolExists.c:
/* */
#include <pthread.h>

int main(int argc, char** argv)
{
  (void)argv;
#ifndef pthread_create
  return ((int*)(&pthread_create))[argc];
#else
  (void)argc;
  return 0;
#endif
}

Determining if the function pthread_create exists in the pthreads failed with the following output:
Change Dir: /home/radek/Documents/Qt5/3DPointCloudClassification_GUI/build/CMakeFiles/CMakeTmp

Run Build Command:"/usr/bin/make" "cmTC_8e60d/fast"
make[1]: Entering directory '/home/radek/Documents/Qt5/3DPointCloudClassification_GUI/build/CMakeFiles/CMakeTmp'
/usr/bin/make -f CMakeFiles/cmTC_8e60d.dir/build.make CMakeFiles/cmTC_8e60d.dir/build
make[2]: Entering directory '/home/radek/Documents/Qt5/3DPointCloudClassification_GUI/build/CMakeFiles/CMakeTmp'
Building C object CMakeFiles/cmTC_8e60d.dir/CheckFunctionExists.c.o
/usr/bin/cc   -DCHECK_FUNCTION_EXISTS=pthread_create   -o CMakeFiles/cmTC_8e60d.dir/CheckFunctionExists.c.o   -c /usr/share/cmake-3.10/Modules/CheckFunctionExists.c
Linking C executable cmTC_8e60d
/usr/bin/cmake -E cmake_link_script CMakeFiles/cmTC_8e60d.dir/link.txt --verbose=1
/usr/bin/cc   -DCHECK_FUNCTION_EXISTS=pthread_create    -rdynamic CMakeFiles/cmTC_8e60d.dir/CheckFunctionExists.c.o  -o cmTC_8e60d -lpthreads 
/usr/bin/ld: cannot find -lpthreads
collect2: error: ld returned 1 exit status
CMakeFiles/cmTC_8e60d.dir/build.make:97: recipe for target 'cmTC_8e60d' failed
make[2]: *** [cmTC_8e60d] Error 1
make[2]: Leaving directory '/home/radek/Documents/Qt5/3DPointCloudClassification_GUI/build/CMakeFiles/CMakeTmp'
Makefile:126: recipe for target 'cmTC_8e60d/fast' failed
make[1]: *** [cmTC_8e60d/fast] Error 2
make[1]: Leaving directory '/home/radek/Documents/Qt5/3DPointCloudClassification_GUI/build/CMakeFiles/CMakeTmp'


Determining if the pthread_create exist failed with the following output:
Change Dir: /home/radek/Documents/Qt5/3DPointCloudClassification_GUI/build/CMakeFiles/CMakeTmp

Run Build Command:"/usr/bin/make" "cmTC_cbf93/fast"
make[1]: Entering directory '/home/radek/Documents/Qt5/3DPointCloudClassification_GUI/build/CMakeFiles/CMakeTmp'
/usr/bin/make -f CMakeFiles/cmTC_cbf93.dir/build.make CMakeFiles/cmTC_cbf93.dir/build
make[2]: Entering directory '/home/radek/Documents/Qt5/3DPointCloudClassification_GUI/build/CMakeFiles/CMakeTmp'
Building C object CMakeFiles/cmTC_cbf93.dir/CheckSymbolExists.c.o
/usr/bin/cc    -o CMakeFiles/cmTC_cbf93.dir/CheckSymbolExists.c.o   -c /home/radek/Documents/Qt5/3DPointCloudClassification_GUI/build/CMakeFiles/CMakeTmp/CheckSymbolExists.c
Linking C executable cmTC_cbf93
/usr/bin/cmake -E cmake_link_script CMakeFiles/cmTC_cbf93.dir/link.txt --verbose=1
/usr/bin/cc       -rdynamic CMakeFiles/cmTC_cbf93.dir/CheckSymbolExists.c.o  -o cmTC_cbf93 
CMakeFiles/cmTC_cbf93.dir/CheckSymbolExists.c.o: In function `main':
CheckSymbolExists.c:(.text+0x1b): undefined reference to `pthread_create'
collect2: error: ld returned 1 exit status
CMakeFiles/cmTC_cbf93.dir/build.make:97: recipe for target 'cmTC_cbf93' failed
make[2]: *** [cmTC_cbf93] Error 1
make[2]: Leaving directory '/home/radek/Documents/Qt5/3DPointCloudClassification_GUI/build/CMakeFiles/CMakeTmp'
Makefile:126: recipe for target 'cmTC_cbf93/fast' failed
make[1]: *** [cmTC_cbf93/fast] Error 2
make[1]: Leaving directory '/home/radek/Documents/Qt5/3DPointCloudClassification_GUI/build/CMakeFiles/CMakeTmp'

File /home/radek/Documents/Qt5/3DPointCloudClassification_GUI/build/CMakeFiles/CMakeTmp/CheckSymbolExists.c:
/* */
#include <pthread.h>

int main(int argc, char** argv)
{
  (void)argv;
#ifndef pthread_create
  return ((int*)(&pthread_create))[argc];
#else
  (void)argc;
  return 0;
#endif
}

Determining if the function pthread_create exists in the pthreads failed with the following output:
Change Dir: /home/radek/Documents/Qt5/3DPointCloudClassification_GUI/build/CMakeFiles/CMakeTmp

Run Build Command:"/usr/bin/make" "cmTC_1bfe0/fast"
make[1]: Entering directory '/home/radek/Documents/Qt5/3DPointCloudClassification_GUI/build/CMakeFiles/CMakeTmp'
/usr/bin/make -f CMakeFiles/cmTC_1bfe0.dir/build.make CMakeFiles/cmTC_1bfe0.dir/build
make[2]: Entering directory '/home/radek/Documents/Qt5/3DPointCloudClassification_GUI/build/CMakeFiles/CMakeTmp'
Building C object CMakeFiles/cmTC_1bfe0.dir/CheckFunctionExists.c.o
/usr/bin/cc   -DCHECK_FUNCTION_EXISTS=pthread_create   -o CMakeFiles/cmTC_1bfe0.dir/CheckFunctionExists.c.o   -c /usr/share/cmake-3.10/Modules/CheckFunctionExists.c
Linking C executable cmTC_1bfe0
/usr/bin/cmake -E cmake_link_script CMakeFiles/cmTC_1bfe0.dir/link.txt --verbose=1
/usr/bin/cc   -DCHECK_FUNCTION_EXISTS=pthread_create    -rdynamic CMakeFiles/cmTC_1bfe0.dir/CheckFunctionExists.c.o  -o cmTC_1bfe0 -lpthreads 
/usr/bin/ld: cannot find -lpthreads
collect2: error: ld returned 1 exit status
CMakeFiles/cmTC_1bfe0.dir/build.make:97: recipe for target 'cmTC_1bfe0' failed
make[2]: *** [cmTC_1bfe0] Error 1
make[2]: Leaving directory '/home/radek/Documents/Qt5/3DPointCloudClassification_GUI/build/CMakeFiles/CMakeTmp'
Makefile:126: recipe for target 'cmTC_1bfe0/fast' failed
make[1]: *** [cmTC_1bfe0/fast] Error 2
make[1]: Leaving directory '/home/radek/Documents/Qt5/3DPointCloudClassification_GUI/build/CMakeFiles/CMakeTmp'


